<?xml version="1.0" encoding="UTF-8"?>
<!-- Generated by org.testng.reporters.JUnitReportReporter -->
<testsuite skipped="0" hostname="qapitol-ThinkPad-L470" name="com.restAssured_employeeApi.testCases.TC02_GET_employeeDetails" tests="2" failures="0" timestamp="2019-09-11T13:21:38 IST" time="0.032" errors="0">
  <testcase name="checkResponseBody" time="0.029" classname="com.restAssured_employeeApi.testCases.TC02_GET_employeeDetails"/>
  <testcase name="checkResponseCode" time="0.003" classname="com.restAssured_employeeApi.testCases.TC02_GET_employeeDetails"/>
</testsuite> <!-- com.restAssured_employeeApi.testCases.TC02_GET_employeeDetails -->
