<?xml version="1.0" encoding="UTF-8"?>
<!-- Generated by org.testng.reporters.JUnitReportReporter -->
<testsuite skipped="0" hostname="qapitol-ThinkPad-L470" name="com.restAssuredEmployeeApi.testCases.AddEmployee" tests="1" failures="0" timestamp="2019-09-26T17:55:11 IST" time="4.243" errors="0">
  <testcase name="validateResponseOfAddEmployee" time="4.243" classname="com.restAssuredEmployeeApi.testCases.AddEmployee"/>
</testsuite> <!-- com.restAssuredEmployeeApi.testCases.AddEmployee -->
