<?xml version="1.0" encoding="UTF-8"?>
<!-- Generated by org.testng.reporters.JUnitReportReporter -->
<testsuite skipped="0" hostname="qapitol-ThinkPad-L470" name="com.restAssured_employeeApi.testCases.AddEmployee" tests="2" failures="0" timestamp="2019-09-12T13:11:37 IST" time="0.076" errors="0">
  <testcase name="checkResponseCode" time="0.015" classname="com.restAssured_employeeApi.testCases.AddEmployee"/>
  <testcase name="validateAddedEmployee" time="0.061" classname="com.restAssured_employeeApi.testCases.AddEmployee"/>
</testsuite> <!-- com.restAssured_employeeApi.testCases.AddEmployee -->
