<?xml version="1.0" encoding="UTF-8"?>
<!-- Generated by org.testng.reporters.JUnitReportReporter -->
<testsuite skipped="0" hostname="qapitol-ThinkPad-L470" name="com.restAssured_employeeApi.testCases.DeleteEmployee" tests="2" failures="0" timestamp="2019-09-12T12:57:54 IST" time="0.028" errors="0">
  <testcase name="checkResponseCode" time="0.009" classname="com.restAssured_employeeApi.testCases.DeleteEmployee"/>
  <testcase name="validateAddedEmployee" time="0.019" classname="com.restAssured_employeeApi.testCases.DeleteEmployee"/>
</testsuite> <!-- com.restAssured_employeeApi.testCases.DeleteEmployee -->
