<?xml version="1.0" encoding="UTF-8"?>
<!-- Generated by org.testng.reporters.JUnitReportReporter -->
<testsuite hostname="qapitol-ThinkPad-L470" name="com.restassuredemployeeapi.testCases.GetEmployee" tests="1" failures="0" timestamp="1 Oct 2019 06:43:32 GMT" time="0.026" errors="0">
  <testcase name="validateResponseOfGetEmployee" time="0.026" classname="com.restassuredemployeeapi.testCases.GetEmployee"/>
</testsuite> <!-- com.restassuredemployeeapi.testCases.GetEmployee -->
