<?xml version="1.0" encoding="UTF-8"?>
<!-- Generated by org.testng.reporters.JUnitReportReporter -->
<testsuite skipped="0" hostname="qapitol-ThinkPad-L470" name="com.restAssured_employeeApi.testCases.TC02_GET_EmployeeDetails" tests="2" failures="0" timestamp="2019-09-09T01:57:44 IST" time="0.034" errors="0">
  <testcase name="checkResponseCode" time="0.001" classname="com.restAssured_employeeApi.testCases.TC02_GET_EmployeeDetails"/>
  <testcase name="checkResponseBody" time="0.033" classname="com.restAssured_employeeApi.testCases.TC02_GET_EmployeeDetails"/>
</testsuite> <!-- com.restAssured_employeeApi.testCases.TC02_GET_EmployeeDetails -->
