<?xml version="1.0" encoding="UTF-8"?>
<!-- Generated by org.testng.reporters.JUnitReportReporter -->
<testsuite hostname="qapitol-ThinkPad-L470" name="com.restassuredemployeeapi.testCases.UpdateEmployee" tests="1" failures="0" timestamp="1 Oct 2019 06:43:32 GMT" time="2.061" errors="0">
  <testcase name="validateResponseOfUpdateEmployee" time="2.061" classname="com.restassuredemployeeapi.testCases.UpdateEmployee"/>
</testsuite> <!-- com.restassuredemployeeapi.testCases.UpdateEmployee -->
