<?xml version="1.0" encoding="UTF-8"?>
<!-- Generated by org.testng.reporters.JUnitReportReporter -->
<testsuite skipped="0" hostname="qapitol-ThinkPad-L470" name="com.restAssuredEmployeeApi.testCases.AddEmployee" tests="1" failures="0" timestamp="2019-09-12T23:21:50 IST" time="0.055" errors="0">
  <testcase name="ValidateResponse" time="0.055" classname="com.restAssuredEmployeeApi.testCases.AddEmployee"/>
</testsuite> <!-- com.restAssuredEmployeeApi.testCases.AddEmployee -->
