<?xml version="1.0" encoding="UTF-8"?>
<!-- Generated by org.testng.reporters.JUnitReportReporter -->
<testsuite hostname="qapitol-ThinkPad-L470" name="com.restassuredemployeeapi.testCases.GetAllEmployees" tests="1" failures="0" timestamp="1 Oct 2019 06:43:32 GMT" time="0.438" errors="0">
  <testcase name="validateResponseOfGetAllEmployees" time="0.438" classname="com.restassuredemployeeapi.testCases.GetAllEmployees"/>
</testsuite> <!-- com.restassuredemployeeapi.testCases.GetAllEmployees -->
