<?xml version="1.0" encoding="UTF-8"?>
<!-- Generated by org.testng.reporters.JUnitReportReporter -->
<testsuite hostname="qapitol-ThinkPad-L470" name="com.restassuredemployeeapi.testCases.AddEmployee" tests="1" failures="0" timestamp="1 Oct 2019 06:43:32 GMT" time="4.186" errors="0">
  <testcase name="validateResponseOfAddEmployee" time="4.186" classname="com.restassuredemployeeapi.testCases.AddEmployee"/>
</testsuite> <!-- com.restassuredemployeeapi.testCases.AddEmployee -->
