<?xml version="1.0" encoding="UTF-8"?>
<!-- Generated by org.testng.reporters.JUnitReportReporter -->
<testsuite hostname="qapitol-ThinkPad-L470" name="com.restassuredemployeeapi.testCases.DeleteEmployee" tests="1" failures="0" timestamp="1 Oct 2019 06:43:32 GMT" time="2.059" errors="0">
  <testcase name="validateResponseOfDeleteEmployee" time="2.059" classname="com.restassuredemployeeapi.testCases.DeleteEmployee"/>
</testsuite> <!-- com.restassuredemployeeapi.testCases.DeleteEmployee -->
