<?xml version="1.0" encoding="UTF-8"?>
<!-- Generated by org.testng.reporters.JUnitReportReporter -->
<testsuite skipped="0" hostname="qapitol-ThinkPad-L470" name="com.restAssuredEmployeeApi.testCases.UpdateEmployee" tests="1" failures="0" timestamp="2019-09-20T13:12:02 IST" time="2.067" errors="0">
  <testcase name="validateResponseOfUpdateEmployee" time="2.067" classname="com.restAssuredEmployeeApi.testCases.UpdateEmployee"/>
</testsuite> <!-- com.restAssuredEmployeeApi.testCases.UpdateEmployee -->
