<?xml version="1.0" encoding="UTF-8"?>
<!-- Generated by org.testng.reporters.JUnitReportReporter -->
<testsuite skipped="0" hostname="qapitol-ThinkPad-L470" name="com.restAssured_employeeApi.testCases.GetAllEmployees" tests="2" failures="0" timestamp="2019-09-12T13:12:05 IST" time="0.436" errors="0">
  <testcase name="checkResponseCode" time="0.001" classname="com.restAssured_employeeApi.testCases.GetAllEmployees"/>
  <testcase name="checkResponseBody" time="0.435" classname="com.restAssured_employeeApi.testCases.GetAllEmployees"/>
</testsuite> <!-- com.restAssured_employeeApi.testCases.GetAllEmployees -->
