<?xml version="1.0" encoding="UTF-8"?>
<!-- Generated by org.testng.reporters.JUnitReportReporter -->
<testsuite skipped="0" hostname="qapitol-ThinkPad-L470" name="com.restAssured_employeeApi.testCases.TC01_GET_allEmployeesDetails" tests="2" failures="0" timestamp="2019-09-10T17:25:55 IST" time="0.034" errors="0">
  <testcase name="checkResponseBody" time="0.032" classname="com.restAssured_employeeApi.testCases.TC01_GET_allEmployeesDetails"/>
  <testcase name="checkResponseCode" time="0.002" classname="com.restAssured_employeeApi.testCases.TC01_GET_allEmployeesDetails"/>
</testsuite> <!-- com.restAssured_employeeApi.testCases.TC01_GET_allEmployeesDetails -->
