<?xml version="1.0" encoding="UTF-8"?>
<!-- Generated by org.testng.reporters.JUnitReportReporter -->
<testsuite skipped="0" hostname="qapitol-ThinkPad-L470" name="com.restAssured_employeeApi.testCases.TC04_PUT_updateEmployeeDetails" tests="1" failures="0" timestamp="2019-09-11T14:13:27 IST" time="0.006" errors="0">
  <testcase name="checkResponseCode" time="0.006" classname="com.restAssured_employeeApi.testCases.TC04_PUT_updateEmployeeDetails"/>
</testsuite> <!-- com.restAssured_employeeApi.testCases.TC04_PUT_updateEmployeeDetails -->
