<?xml version="1.0" encoding="UTF-8"?>
<!-- Generated by org.testng.reporters.JUnitReportReporter -->
<testsuite skipped="0" hostname="qapitol-ThinkPad-L470" name="com.restAssured_employeeApi.testCases.GetEmployee" tests="2" failures="0" timestamp="2019-09-12T13:13:28 IST" time="0.401" errors="0">
  <testcase name="checkResponseBody" time="0.399" classname="com.restAssured_employeeApi.testCases.GetEmployee"/>
  <testcase name="checkResponseCode" time="0.002" classname="com.restAssured_employeeApi.testCases.GetEmployee"/>
</testsuite> <!-- com.restAssured_employeeApi.testCases.GetEmployee -->
