<?xml version="1.0" encoding="UTF-8"?>
<!-- Generated by org.testng.reporters.JUnitReportReporter -->
<testsuite skipped="0" hostname="qapitol-ThinkPad-L470" name="com.restAssured_employeeApi.testCases.TC03_POST_addEmployee" tests="1" failures="0" timestamp="2019-09-11T15:48:33 IST" time="0.015" errors="0">
  <testcase name="checkResponseCode" time="0.015" classname="com.restAssured_employeeApi.testCases.TC03_POST_addEmployee"/>
</testsuite> <!-- com.restAssured_employeeApi.testCases.TC03_POST_addEmployee -->
