<?xml version="1.0" encoding="UTF-8"?>
<!-- Generated by org.testng.reporters.JUnitReportReporter -->
<testsuite skipped="0" hostname="qapitol-ThinkPad-L470" name="com.restAssuredEmployeeApi.testCases.AddEmployee" tests="1" failures="0" timestamp="2019-09-20T13:12:02 IST" time="4.266" errors="0">
  <testcase name="validateResponseOfAddEmployee" time="4.266" classname="com.restAssuredEmployeeApi.testCases.AddEmployee"/>
</testsuite> <!-- com.restAssuredEmployeeApi.testCases.AddEmployee -->
