<?xml version="1.0" encoding="UTF-8"?>
<!-- Generated by org.testng.reporters.JUnitReportReporter -->
<testsuite skipped="0" hostname="qapitol-ThinkPad-L470" name="com.restAssuredEmployeeApi.testCases.UpdateEmployee" tests="1" failures="0" timestamp="2019-09-16T14:38:19 IST" time="0.024" errors="0">
  <testcase name="ValidateResponse" time="0.024" classname="com.restAssuredEmployeeApi.testCases.UpdateEmployee"/>
</testsuite> <!-- com.restAssuredEmployeeApi.testCases.UpdateEmployee -->
