<?xml version="1.0" encoding="UTF-8"?>
<!-- Generated by org.testng.reporters.JUnitReportReporter -->
<testsuite skipped="0" hostname="qapitol-ThinkPad-L470" name="com.restAssured_employeeApi.testCases.UpdateEmployee" tests="2" failures="0" timestamp="2019-09-12T12:29:23 IST" time="0.051" errors="0">
  <testcase name="checkResponseCode" time="0.012" classname="com.restAssured_employeeApi.testCases.UpdateEmployee"/>
  <testcase name="validateUpdatedEmployee" time="0.039" classname="com.restAssured_employeeApi.testCases.UpdateEmployee"/>
</testsuite> <!-- com.restAssured_employeeApi.testCases.UpdateEmployee -->
