<?xml version="1.0" encoding="UTF-8"?>
<!-- Generated by org.testng.reporters.JUnitReportReporter -->
<testsuite skipped="0" hostname="qapitol-ThinkPad-L470" name="com.restAssured_employeeApi.testCases.TC03_POST_AddEmployee" tests="2" failures="0" timestamp="2019-09-09T02:18:33 IST" time="0.012" errors="0">
  <testcase name="checkResponseBody" time="0.008" classname="com.restAssured_employeeApi.testCases.TC03_POST_AddEmployee"/>
  <testcase name="checkResponseCode" time="0.004" classname="com.restAssured_employeeApi.testCases.TC03_POST_AddEmployee"/>
</testsuite> <!-- com.restAssured_employeeApi.testCases.TC03_POST_AddEmployee -->
