<?xml version="1.0" encoding="UTF-8"?>
<!-- Generated by org.testng.reporters.JUnitReportReporter -->
<testsuite skipped="0" hostname="qapitol-ThinkPad-L470" name="com.restAssuredEmployeeApi.testCases.GetEmployee" tests="1" failures="0" timestamp="2019-09-16T23:48:45 IST" time="0.013" errors="0">
  <testcase name="ValidateResponse" time="0.013" classname="com.restAssuredEmployeeApi.testCases.GetEmployee"/>
</testsuite> <!-- com.restAssuredEmployeeApi.testCases.GetEmployee -->
